[debug] [2023-03-07T18:26:50.569Z] ----------------------------------------------------------------------
[debug] [2023-03-07T18:26:50.571Z] Command:       /usr/local/Cellar/node/19.7.0/bin/node /usr/local/bin/firebase init hosting
[debug] [2023-03-07T18:26:50.572Z] CLI Version:   11.24.0
[debug] [2023-03-07T18:26:50.572Z] Platform:      darwin
[debug] [2023-03-07T18:26:50.572Z] Node Version:  v19.7.0
[debug] [2023-03-07T18:26:50.572Z] Time:          Tue Mar 07 2023 10:26:50 GMT-0800 (Pacific Standard Time)
[debug] [2023-03-07T18:26:50.573Z] ----------------------------------------------------------------------
[debug] 
[debug] [2023-03-07T18:26:50.651Z] > command requires scopes: ["email","openid","https://www.googleapis.com/auth/cloudplatformprojects.readonly","https://www.googleapis.com/auth/firebase","https://www.googleapis.com/auth/cloud-platform"]
[debug] [2023-03-07T18:26:50.651Z] > authorizing via signed-in user (shivr4015@gmail.com)
[info] 
     ######## #### ########  ######## ########     ###     ######  ########
     ##        ##  ##     ## ##       ##     ##  ##   ##  ##       ##
     ######    ##  ########  ######   ########  #########  ######  ######
     ##        ##  ##    ##  ##       ##     ## ##     ##       ## ##
     ##       #### ##     ## ######## ########  ##     ##  ######  ########

You're about to initialize a Firebase project in this directory:

  /Users/shivram/Desktop/Workspace/pet-projects/portfolio/react-resume-template

Before we get started, keep in mind:

  * You are initializing within an existing Firebase project directory

[info] 
=== Project Setup
[info] 
[info] First, let's associate this project directory with a Firebase project.
[info] You can create multiple project aliases by running firebase use --add, 
[info] but for now we'll just set up a default project.
[info] 
[debug] [2023-03-07T18:26:50.656Z] Using project from CLI flag: shivramkrishnamurthy
[debug] [2023-03-07T18:26:50.659Z] >>> [apiv2][query] GET https://firebase.googleapis.com/v1beta1/projects/shivramkrishnamurthy [none]
[debug] [2023-03-07T18:26:51.175Z] <<< [apiv2][status] GET https://firebase.googleapis.com/v1beta1/projects/shivramkrishnamurthy 200
[debug] [2023-03-07T18:26:51.175Z] <<< [apiv2][body] GET https://firebase.googleapis.com/v1beta1/projects/shivramkrishnamurthy {"projectId":"shivramkrishnamurthy","projectNumber":"791638854138","displayName":"shivramKrishnamurthy","name":"projects/shivramkrishnamurthy","resources":{"hostingSite":"shivramkrishnamurthy"},"state":"ACTIVE","etag":"1_add76acf-e176-440f-b52f-a3ff11f42766"}
[info] i  Using project shivramkrishnamurthy (shivramKrishnamurthy) 
[info] 
=== Hosting Setup
[info] 
[info] Your public directory is the folder (relative to your project directory) that
[info] will contain Hosting assets to be uploaded with firebase deploy. If you
[info] have a build process for your assets, use your build's output directory.
[info] 
